#
# There is insufficient memory for the Java Runtime Environment to continue.
# Native memory allocation (mmap) failed to map 4128768 bytes for G1 virtual space
# Possible reasons:
#   The system is out of physical RAM or swap space
#   The process is running with CompressedOops enabled, and the Java Heap may be blocking the growth of the native heap
# Possible solutions:
#   Reduce memory load on the system
#   Increase physical memory or swap space
#   Check if swap backing store is full
#   Decrease Java heap size (-Xmx/-Xms)
#   Decrease number of Java threads
#   Decrease Java thread stack sizes (-Xss)
#   Set larger code cache with -XX:ReservedCodeCacheSize=
#   JVM is running with Zero Based Compressed Oops mode in which the Java heap is
#     placed in the first 32GB address space. The Java Heap base address is the
#     maximum limit for the native heap growth. Please use -XX:HeapBaseMinAddress
#     to set the Java Heap base and to place the Java Heap above 32GB virtual address.
# This output file may be truncated or incomplete.
#
#  Out of Memory Error (os_windows.cpp:3771), pid=29644, tid=11612
#
# JRE version:  (17.0.7) (build )
# Java VM: OpenJDK 64-Bit Server VM (17.0.7+0-b2043.56-10550314, mixed mode, sharing, tiered, compressed oops, compressed class ptrs, g1 gc, windows-amd64)
# No core dump will be written. Minidumps are not enabled by default on client versions of Windows
#

---------------  S U M M A R Y ------------

Command Line: 

Host: 12th Gen Intel(R) Core(TM) i7-12700H, 20 cores, 15G,  Windows 10 , 64 bit Build 19041 (10.0.19041.3636)
Time: Mon Jan 22 19:54:46 2024 Egypt Standard Time elapsed time: 0.030196 seconds (0d 0h 0m 0s)

---------------  T H R E A D  ---------------

Current thread (0x0000028878701da0):  JavaThread "Unknown thread" [_thread_in_vm, id=11612, stack(0x000000b344e00000,0x000000b344f00000)]

Stack: [0x000000b344e00000,0x000000b344f00000]
Native frames: (J=compiled Java code, j=interpreted, Vv=VM code, C=native code)
V  [jvm.dll+0x683bfa]
V  [jvm.dll+0x8430a4]
V  [jvm.dll+0x8449be]
V  [jvm.dll+0x845023]
V  [jvm.dll+0x24ad2f]
V  [jvm.dll+0x680ac9]
V  [jvm.dll+0x67519a]
V  [jvm.dll+0x30b3cb]
V  [jvm.dll+0x312876]
V  [jvm.dll+0x362233]
V  [jvm.dll+0x36244f]
V  [jvm.dll+0x2e14a8]
V  [jvm.dll+0x2e2414]
V  [jvm.dll+0x814391]
V  [jvm.dll+0x36ffe1]
V  [jvm.dll+0x7f396c]
V  [jvm.dll+0x3f305f]
V  [jvm.dll+0x3f4b91]
C  [jli.dll+0x528f]
C  [ucrtbase.dll+0x21bb2]
C  [KERNEL32.DLL+0x17344]
C  [ntdll.dll+0x526b1]


---------------  P R O C E S S  ---------------

Threads class SMR info:
_java_thread_list=0x00007ffa4b0dd098, length=0, elements={
}

Java Threads: ( => current thread )

Other Threads:
  0x000002887876f1c0 GCTaskThread "GC Thread#0" [stack: 0x000000b344f00000,0x000000b345000000] [id=30468]
  0x00000288787812d0 ConcurrentGCThread "G1 Main Marker" [stack: 0x000000b345000000,0x000000b345100000] [id=30480]
  0x0000028878781bf0 ConcurrentGCThread "G1 Conc#0" [stack: 0x000000b345100000,0x000000b345200000] [id=24588]

[error occurred during error reporting (printing all threads), id 0xc0000005, EXCEPTION_ACCESS_VIOLATION (0xc0000005) at pc=0x00007ffa4a892087]

VM state: not at safepoint (not fully initialized)

VM Mutex/Monitor currently owned by a thread:  ([mutex/lock_event])
[0x00000288786fd920] Heap_lock - owner thread: 0x0000028878701da0

Heap address: 0x0000000704e00000, size: 4018 MB, Compressed Oops mode: Zero based, Oop shift amount: 3

CDS archive(s) mapped at: [0x0000000000000000-0x0000000000000000-0x0000000000000000), size 0, SharedBaseAddress: 0x0000000800000000, ArchiveRelocationMode: 0.
Narrow klass base: 0x0000000000000000, Narrow klass shift: 0, Narrow klass range: 0x0

GC Precious Log:
<Empty>

Heap:
 garbage-first heap   total 0K, used 0K [0x0000000704e00000, 0x0000000800000000)
  region size 2048K, 0 young (0K), 0 survivors (0K)
 Metaspace       used 0K, committed 0K, reserved 0K
  class space    used 0K, committed 0K, reserved 0K

Heap Regions: E=young(eden), S=young(survivor), O=old, HS=humongous(starts), HC=humongous(continues), CS=collection set, F=free, OA=open archive, CA=closed archive, TAMS=top-at-mark-start (previous, next)

Card table byte_map: [0x000002887ce60000,0x000002887d640000] _byte_map_base: 0x0000028879639000

Marking Bits (Prev, Next): (CMBitMap*) 0x00000288787706f0, (CMBitMap*) 0x0000028878770730
 Prev Bits: [0x000002880f000000, 0x0000028812ec8000)
 Next Bits: [0x0000028812ed0000, 0x0000028816d98000)

GC Heap History (0 events):
No events

Dll operation events (1 events):
Event: 0.015 Loaded shared library C:\Program Files\Android\Android Studio\jbr\bin\java.dll

Deoptimization events (0 events):
No events

Classes unloaded (0 events):
No events

Classes redefined (0 events):
No events

Internal exceptions (0 events):
No events

VM Operations (0 events):
No events

Events (0 events):
No events


Dynamic libraries:
0x00007ff6729b0000 - 0x00007ff6729ba000 	C:\Program Files\Android\Android Studio\jbr\bin\java.EXE
0x00007ffa94b10000 - 0x00007ffa94d08000 	C:\WINDOWS\SYSTEM32\ntdll.dll
0x00007ffa930a0000 - 0x00007ffa9315d000 	C:\WINDOWS\System32\KERNEL32.DLL
0x00007ffa92810000 - 0x00007ffa92b06000 	C:\WINDOWS\System32\KERNELBASE.dll
0x00007ffa925e0000 - 0x00007ffa926e0000 	C:\WINDOWS\System32\ucrtbase.dll
0x00007ffa8b3c0000 - 0x00007ffa8b3d7000 	C:\Program Files\Android\Android Studio\jbr\bin\jli.dll
0x00007ffa92cc0000 - 0x00007ffa92e5e000 	C:\WINDOWS\System32\USER32.dll
0x00007ffa885f0000 - 0x00007ffa8860b000 	C:\Program Files\Android\Android Studio\jbr\bin\VCRUNTIME140.dll
0x00007ffa923e0000 - 0x00007ffa92402000 	C:\WINDOWS\System32\win32u.dll
0x00007ffa944a0000 - 0x00007ffa944cc000 	C:\WINDOWS\System32\GDI32.dll
0x00007ffa7e8e0000 - 0x00007ffa7eb7a000 	C:\WINDOWS\WinSxS\amd64_microsoft.windows.common-controls_6595b64144ccf1df_6.0.19041.3636_none_60b6a03d71f818d5\COMCTL32.dll
0x00007ffa921e0000 - 0x00007ffa922fa000 	C:\WINDOWS\System32\gdi32full.dll
0x00007ffa941b0000 - 0x00007ffa9424e000 	C:\WINDOWS\System32\msvcrt.dll
0x00007ffa92770000 - 0x00007ffa9280d000 	C:\WINDOWS\System32\msvcp_win.dll
0x00007ffa944d0000 - 0x00007ffa94500000 	C:\WINDOWS\System32\IMM32.DLL
0x00007ffa8b2b0000 - 0x00007ffa8b2bc000 	C:\Program Files\Android\Android Studio\jbr\bin\vcruntime140_1.dll
0x00007ffa80fd0000 - 0x00007ffa8105d000 	C:\Program Files\Android\Android Studio\jbr\bin\msvcp140.dll
0x00007ffa4a5a0000 - 0x00007ffa4b220000 	C:\Program Files\Android\Android Studio\jbr\bin\server\jvm.dll
0x00007ffa93790000 - 0x00007ffa93843000 	C:\WINDOWS\System32\ADVAPI32.dll
0x00007ffa92f20000 - 0x00007ffa92fbf000 	C:\WINDOWS\System32\sechost.dll
0x00007ffa93160000 - 0x00007ffa93286000 	C:\WINDOWS\System32\RPCRT4.dll
0x00007ffa923b0000 - 0x00007ffa923d7000 	C:\WINDOWS\System32\bcrypt.dll
0x00007ffa86900000 - 0x00007ffa8690a000 	C:\WINDOWS\SYSTEM32\VERSION.dll
0x00007ffa81710000 - 0x00007ffa81737000 	C:\WINDOWS\SYSTEM32\WINMM.dll
0x00007ffa885e0000 - 0x00007ffa885e9000 	C:\WINDOWS\SYSTEM32\WSOCK32.dll
0x00007ffa949d0000 - 0x00007ffa94a3b000 	C:\WINDOWS\System32\ws2_32.DLL
0x00007ffa90a00000 - 0x00007ffa90a12000 	C:\WINDOWS\SYSTEM32\kernel.appcore.dll
0x00007ffa885d0000 - 0x00007ffa885da000 	C:\Program Files\Android\Android Studio\jbr\bin\jimage.dll
0x00007ffa8ff80000 - 0x00007ffa90164000 	C:\WINDOWS\SYSTEM32\DBGHELP.DLL
0x00007ffa75eb0000 - 0x00007ffa75ee4000 	C:\WINDOWS\SYSTEM32\dbgcore.DLL
0x00007ffa926e0000 - 0x00007ffa92762000 	C:\WINDOWS\System32\bcryptPrimitives.dll
0x00007ffa80fa0000 - 0x00007ffa80fc5000 	C:\Program Files\Android\Android Studio\jbr\bin\java.dll

dbghelp: loaded successfully - version: 4.0.5 - missing functions: none
symbol engine: initialized successfully - sym options: 0x614 - pdb path: .;C:\Program Files\Android\Android Studio\jbr\bin;C:\WINDOWS\SYSTEM32;C:\WINDOWS\WinSxS\amd64_microsoft.windows.common-controls_6595b64144ccf1df_6.0.19041.3636_none_60b6a03d71f818d5;C:\Program Files\Android\Android Studio\jbr\bin\server

VM Arguments:
java_command: <unknown>
java_class_path (initial): <not set>
Launcher Type: SUN_STANDARD

[Global flags]
     intx CICompilerCount                          = 12                                        {product} {ergonomic}
     uint ConcGCThreads                            = 4                                         {product} {ergonomic}
     uint G1ConcRefinementThreads                  = 15                                        {product} {ergonomic}
   size_t G1HeapRegionSize                         = 2097152                                   {product} {ergonomic}
    uintx GCDrainStackTargetSize                   = 64                                        {product} {ergonomic}
   size_t InitialHeapSize                          = 264241152                                 {product} {ergonomic}
   size_t MarkStackSize                            = 4194304                                   {product} {ergonomic}
   size_t MaxHeapSize                              = 4213178368                                {product} {ergonomic}
   size_t MinHeapDeltaBytes                        = 2097152                                   {product} {ergonomic}
   size_t MinHeapSize                              = 8388608                                   {product} {ergonomic}
    uintx NonNMethodCodeHeapSize                   = 7602480                                {pd product} {ergonomic}
    uintx NonProfiledCodeHeapSize                  = 122027880                              {pd product} {ergonomic}
    uintx ProfiledCodeHeapSize                     = 122027880                              {pd product} {ergonomic}
    uintx ReservedCodeCacheSize                    = 251658240                              {pd product} {ergonomic}
     bool SegmentedCodeCache                       = true                                      {product} {ergonomic}
   size_t SoftMaxHeapSize                          = 4213178368                             {manageable} {ergonomic}
     bool UseCompressedClassPointers               = true                           {product lp64_product} {ergonomic}
     bool UseCompressedOops                        = true                           {product lp64_product} {ergonomic}
     bool UseG1GC                                  = true                                      {product} {ergonomic}
     bool UseLargePagesIndividualAllocation        = false                                  {pd product} {ergonomic}

Logging:
Log output configuration:
 #0: stdout all=warning uptime,level,tags
 #1: stderr all=off uptime,level,tags

Environment Variables:
JAVA_HOME=C:\Program Files\Android\Android Studio\jbr
PATH=C:\Program Files\Android\Android Studio\jbr\bin;C:\Program Files (x86)\Common Files\Oracle\Java\javapath;C:\WINDOWS\system32;C:\WINDOWS;C:\WINDOWS\System32\Wbem;C:\WINDOWS\System32\WindowsPowerShell\v1.0\;C:\WINDOWS\System32\OpenSSH\;C:\Program Files\dotnet\;C:\Program Files\Git\cmd;C:\Program Files\nodejs\;C:\Users\fatim\AppData\Local\Programs\Python\Python312\Scripts\;C:\Users\fatim\AppData\Local\Programs\Python\Python312\;C:\Users\fatim\AppData\Local\Programs\Python\Launcher\;C:\Users\fatim\AppData\Local\Microsoft\WindowsApps;C:\Users\fatim\AppData\Local\Programs\Microsoft VS Code\bin;D:\ DOWNLOADS\dart-sdk\bin;D:\DEV\flutter\flutter\bin;C:\Users\fatim\AppData\Local\Pub\Cache\bin,;C:\Users\fatim\AppData\Local\Pub\Cache\bin;C:\Users\fatim\AppData\Roaming\npm;C:\Users\fatim\AppData\Local\Android\Sdk;C:\Users\fatim\AppData\Local\Android\Sdk\platform-tools;;D:\DEV\flutter\flutter\bin\mingit\cmd;D:\DEV\flutter\flutter\bin\mingit\cmd
USERNAME=fatim
OS=Windows_NT
PROCESSOR_IDENTIFIER=Intel64 Family 6 Model 154 Stepping 3, GenuineIntel
TMP=C:\Users\fatim\AppData\Local\Temp
TEMP=C:\Users\fatim\AppData\Local\Temp


JNI global refs:
JNI global refs: 0, weak refs: 0

JNI global refs memory usage: 0, weak refs: 0

OOME stack traces (most recent first):
Classloader memory used:


---------------  S Y S T E M  ---------------

OS:
 Windows 10 , 64 bit Build 19041 (10.0.19041.3636)
OS uptime: 0 days 16:22 hours

CPU: total 20 (initial active 20) (20 cores per cpu, 1 threads per core) family 6 model 154 stepping 3 microcode 0x42c, cx8, cmov, fxsr, mmx, 3dnowpref, sse, sse2, sse3, ssse3, sse4.1, sse4.2, popcnt, lzcnt, tsc, tscinvbit, avx, avx2, aes, erms, clmul, bmi1, bmi2, adx, sha, fma, vzeroupper, clflush, clflushopt, clwb

Memory: 4k page, system-wide physical 16068M (1857M free)
TotalPageFile size 27443M (AvailPageFile size 7M)
current process WorkingSet (physical memory assigned to process): 10M, peak: 10M
current process commit charge ("private bytes"): 327M, peak: 331M

vm_info: OpenJDK 64-Bit Server VM (17.0.7+0-b2043.56-10550314) for windows-amd64 JRE (17.0.7+0-b2043.56-10550314), built on Jul 24 2023 18:27:45 by "androidbuild" with MS VC++ 16.10 / 16.11 (VS2019)

END.
